16:18:28 INFO  : Registering command handlers for SDK TCF services
16:18:29 INFO  : Launching XSCT server: xsct.bat -interactive C:\Users\Jennifer\Documents\CMU_Year_5\Fall_Semester\18643\ReturnOf447Hype\Lab1\Ultra96_Basic_System\Ultra96_Basic_System.sdk\temp_xsdb_launch_script.tcl
16:18:42 INFO  : XSCT server has started successfully.
16:18:42 INFO  : Successfully done setting XSCT server connection channel  
16:18:47 INFO  : Successfully done setting SDK workspace  
16:18:47 INFO  : Processing command line option -hwspec C:/Users/Jennifer/Documents/CMU_Year_5/Fall_Semester/18643/ReturnOf447Hype/Lab1/Ultra96_Basic_System/Ultra96_Basic_System.sdk/design_1_wrapper.hdf.
16:19:53 INFO  : Project 'hw_platform_0' created. You can now create BSPs and application projects targeting this hardware platform.
16:24:31 INFO  : Connected to target on host '127.0.0.1' and port '3121'.
16:25:41 INFO  : Connected to target on host '127.0.0.1' and port '3121'.
16:26:59 INFO  : Connected to target on host '127.0.0.1' and port '3121'.
16:27:08 INFO  : Connected to target on host '127.0.0.1' and port '3121'.
16:27:31 INFO  : Connected to target on host '127.0.0.1' and port '3121'.
16:29:02 INFO  : Connected to target on host '127.0.0.1' and port '3121'.
16:29:17 INFO  : Connected to target on host '127.0.0.1' and port '3121'.
16:31:54 INFO  : Connected to target on host '127.0.0.1' and port '3121'.
16:32:51 INFO  : Connected to target on host '127.0.0.1' and port '3121'.
16:32:55 INFO  : Connected to target on host '127.0.0.1' and port '3121'.
16:36:21 INFO  : Connected to target on host '127.0.0.1' and port '3121'.
16:37:11 INFO  : Connected to target on host '127.0.0.1' and port '3121'.
16:38:40 INFO  : Connected to target on host '127.0.0.1' and port '3121'.
16:39:01 INFO  : Connected to target on host '127.0.0.1' and port '3121'.
16:40:17 INFO  : Connected to target on host '127.0.0.1' and port '3121'.
16:40:52 INFO  : Connected to target on host '127.0.0.1' and port '3121'.
16:43:42 INFO  : Connected to target on host '127.0.0.1' and port '3121'.
16:44:33 INFO  : Connected to target on host '127.0.0.1' and port '3121'.
16:45:41 INFO  : Connected to target on host '127.0.0.1' and port '3121'.
16:45:44 INFO  : Connected to target on host '127.0.0.1' and port '3121'.
16:45:44 INFO  : 'targets -set -filter {jtag_cable_name =~ "Avnet USB-to-JTAG/UART Pod V1 1234-oj1A" && level==0} -index 0' command is executed.
16:45:47 INFO  : FPGA configured successfully with bitstream "C:/Users/Jennifer/Documents/CMU_Year_5/Fall_Semester/18643/ReturnOf447Hype/Lab1/Ultra96_Basic_System/Ultra96_Basic_System.sdk/hw_platform_0/design_1_wrapper.bit"
16:46:55 INFO  : Connected to target on host '127.0.0.1' and port '3121'.
16:46:55 INFO  : Jtag cable 'Avnet USB-to-JTAG/UART Pod V1 1234-oj1A' is selected.
16:46:55 INFO  : 'jtag frequency' command is executed.
16:46:55 INFO  : Sourcing of 'C:/Xilinx/SDK/2018.3/scripts/sdk/util/zynqmp_utils.tcl' is done.
16:46:55 INFO  : Context for 'APU' is selected.
16:46:55 INFO  : Hardware design information is loaded from 'C:/Users/Jennifer/Documents/CMU_Year_5/Fall_Semester/18643/ReturnOf447Hype/Lab1/Ultra96_Basic_System/Ultra96_Basic_System.sdk/hw_platform_0/system.hdf'.
16:46:55 INFO  : 'configparams force-mem-access 1' command is executed.
16:46:55 INFO  : Context for 'APU' is selected.
16:46:55 INFO  : Sourcing of 'C:/Users/Jennifer/Documents/CMU_Year_5/Fall_Semester/18643/ReturnOf447Hype/Lab1/Ultra96_Basic_System/Ultra96_Basic_System.sdk/hw_platform_0/psu_init.tcl' is done.
16:46:56 INFO  : 'psu_init' command is executed.
16:46:57 INFO  : 'after 1000' command is executed.
16:46:57 INFO  : 'psu_ps_pl_isolation_removal' command is executed.
16:46:58 INFO  : 'after 1000' command is executed.
16:46:58 INFO  : 'psu_ps_pl_reset_config' command is executed.
16:46:58 INFO  : 'catch {psu_protection}' command is executed.
16:46:58 INFO  : Context for processor 'psu_cortexa53_0' is selected.
16:46:58 INFO  : Processor reset is completed for 'psu_cortexa53_0'.
16:46:59 INFO  : The application 'C:/Users/Jennifer/Documents/CMU_Year_5/Fall_Semester/18643/ReturnOf447Hype/Lab1/Ultra96_Basic_System/Ultra96_Basic_System.sdk/Hello_Ultra96/Debug/Hello_Ultra96.elf' is downloaded to processor 'psu_cortexa53_0'.
16:46:59 INFO  : 'configparams force-mem-access 0' command is executed.
16:46:59 INFO  : ----------------XSDB Script----------------
connect -url tcp:127.0.0.1:3121
source C:/Xilinx/SDK/2018.3/scripts/sdk/util/zynqmp_utils.tcl
targets -set -nocase -filter {name =~"APU*" && jtag_cable_name =~ "Avnet USB-to-JTAG/UART Pod V1 1234-oj1A"} -index 1
loadhw -hw C:/Users/Jennifer/Documents/CMU_Year_5/Fall_Semester/18643/ReturnOf447Hype/Lab1/Ultra96_Basic_System/Ultra96_Basic_System.sdk/hw_platform_0/system.hdf -mem-ranges [list {0x80000000 0xbfffffff} {0x400000000 0x5ffffffff} {0x1000000000 0x7fffffffff}]
configparams force-mem-access 1
targets -set -nocase -filter {name =~"APU*" && jtag_cable_name =~ "Avnet USB-to-JTAG/UART Pod V1 1234-oj1A"} -index 1
source C:/Users/Jennifer/Documents/CMU_Year_5/Fall_Semester/18643/ReturnOf447Hype/Lab1/Ultra96_Basic_System/Ultra96_Basic_System.sdk/hw_platform_0/psu_init.tcl
psu_init
after 1000
psu_ps_pl_isolation_removal
after 1000
psu_ps_pl_reset_config
catch {psu_protection}
targets -set -nocase -filter {name =~"*A53*0" && jtag_cable_name =~ "Avnet USB-to-JTAG/UART Pod V1 1234-oj1A"} -index 1
rst -processor
dow C:/Users/Jennifer/Documents/CMU_Year_5/Fall_Semester/18643/ReturnOf447Hype/Lab1/Ultra96_Basic_System/Ultra96_Basic_System.sdk/Hello_Ultra96/Debug/Hello_Ultra96.elf
configparams force-mem-access 0
----------------End of Script----------------

16:46:59 INFO  : Context for processor 'psu_cortexa53_0' is selected.
16:46:59 INFO  : 'con' command is executed.
16:46:59 INFO  : ----------------XSDB Script (After Launch)----------------
targets -set -nocase -filter {name =~"*A53*0" && jtag_cable_name =~ "Avnet USB-to-JTAG/UART Pod V1 1234-oj1A"} -index 1
con
----------------End of Script----------------

16:46:59 INFO  : Launch script is exported to file 'C:\Users\Jennifer\Documents\CMU_Year_5\Fall_Semester\18643\ReturnOf447Hype\Lab1\Ultra96_Basic_System\Ultra96_Basic_System.sdk\.sdk\launch_scripts\xilinx_c-c++_application_(system_debugger)\system_debugger_using_debug_hello_ultra96.elf_on_local.tcl'
16:50:09 INFO  : Connected to target on host '127.0.0.1' and port '3121'.
16:50:09 INFO  : 'targets -set -filter {jtag_cable_name =~ "Avnet USB-to-JTAG/UART Pod V1 1234-oj1A" && level==0} -index 0' command is executed.
16:50:12 INFO  : FPGA configured successfully with bitstream "C:/Users/Jennifer/Documents/CMU_Year_5/Fall_Semester/18643/ReturnOf447Hype/Lab1/Ultra96_Basic_System/Ultra96_Basic_System.sdk/hw_platform_0/design_1_wrapper.bit"
16:50:29 INFO  : Disconnected from the channel tcfchan#1.
16:50:30 INFO  : Connected to target on host '127.0.0.1' and port '3121'.
16:50:31 INFO  : Jtag cable 'Avnet USB-to-JTAG/UART Pod V1 1234-oj1A' is selected.
16:50:31 INFO  : 'jtag frequency' command is executed.
16:50:31 INFO  : Sourcing of 'C:/Xilinx/SDK/2018.3/scripts/sdk/util/zynqmp_utils.tcl' is done.
16:50:31 INFO  : Context for 'APU' is selected.
16:50:31 INFO  : Hardware design information is loaded from 'C:/Users/Jennifer/Documents/CMU_Year_5/Fall_Semester/18643/ReturnOf447Hype/Lab1/Ultra96_Basic_System/Ultra96_Basic_System.sdk/hw_platform_0/system.hdf'.
16:50:31 INFO  : 'configparams force-mem-access 1' command is executed.
16:50:31 INFO  : Context for 'APU' is selected.
16:50:31 INFO  : Sourcing of 'C:/Users/Jennifer/Documents/CMU_Year_5/Fall_Semester/18643/ReturnOf447Hype/Lab1/Ultra96_Basic_System/Ultra96_Basic_System.sdk/hw_platform_0/psu_init.tcl' is done.
16:50:32 INFO  : 'psu_init' command is executed.
16:50:33 INFO  : 'after 1000' command is executed.
16:50:33 INFO  : 'psu_ps_pl_isolation_removal' command is executed.
16:50:34 INFO  : 'after 1000' command is executed.
16:50:34 INFO  : 'psu_ps_pl_reset_config' command is executed.
16:50:34 INFO  : 'catch {psu_protection}' command is executed.
16:50:34 INFO  : Context for processor 'psu_cortexa53_0' is selected.
16:50:34 INFO  : Processor reset is completed for 'psu_cortexa53_0'.
16:50:34 INFO  : The application 'C:/Users/Jennifer/Documents/CMU_Year_5/Fall_Semester/18643/ReturnOf447Hype/Lab1/Ultra96_Basic_System/Ultra96_Basic_System.sdk/Mem_Test/Debug/Mem_Test.elf' is downloaded to processor 'psu_cortexa53_0'.
16:50:34 INFO  : 'configparams force-mem-access 0' command is executed.
16:50:34 INFO  : ----------------XSDB Script----------------
connect -url tcp:127.0.0.1:3121
source C:/Xilinx/SDK/2018.3/scripts/sdk/util/zynqmp_utils.tcl
targets -set -nocase -filter {name =~"APU*" && jtag_cable_name =~ "Avnet USB-to-JTAG/UART Pod V1 1234-oj1A"} -index 1
loadhw -hw C:/Users/Jennifer/Documents/CMU_Year_5/Fall_Semester/18643/ReturnOf447Hype/Lab1/Ultra96_Basic_System/Ultra96_Basic_System.sdk/hw_platform_0/system.hdf -mem-ranges [list {0x80000000 0xbfffffff} {0x400000000 0x5ffffffff} {0x1000000000 0x7fffffffff}]
configparams force-mem-access 1
targets -set -nocase -filter {name =~"APU*" && jtag_cable_name =~ "Avnet USB-to-JTAG/UART Pod V1 1234-oj1A"} -index 1
source C:/Users/Jennifer/Documents/CMU_Year_5/Fall_Semester/18643/ReturnOf447Hype/Lab1/Ultra96_Basic_System/Ultra96_Basic_System.sdk/hw_platform_0/psu_init.tcl
psu_init
after 1000
psu_ps_pl_isolation_removal
after 1000
psu_ps_pl_reset_config
catch {psu_protection}
targets -set -nocase -filter {name =~"*A53*0" && jtag_cable_name =~ "Avnet USB-to-JTAG/UART Pod V1 1234-oj1A"} -index 1
rst -processor
dow C:/Users/Jennifer/Documents/CMU_Year_5/Fall_Semester/18643/ReturnOf447Hype/Lab1/Ultra96_Basic_System/Ultra96_Basic_System.sdk/Mem_Test/Debug/Mem_Test.elf
configparams force-mem-access 0
----------------End of Script----------------

16:50:34 INFO  : Context for processor 'psu_cortexa53_0' is selected.
16:50:34 INFO  : 'con' command is executed.
16:50:34 INFO  : ----------------XSDB Script (After Launch)----------------
targets -set -nocase -filter {name =~"*A53*0" && jtag_cable_name =~ "Avnet USB-to-JTAG/UART Pod V1 1234-oj1A"} -index 1
con
----------------End of Script----------------

16:50:34 INFO  : Launch script is exported to file 'C:\Users\Jennifer\Documents\CMU_Year_5\Fall_Semester\18643\ReturnOf447Hype\Lab1\Ultra96_Basic_System\Ultra96_Basic_System.sdk\.sdk\launch_scripts\xilinx_c-c++_application_(system_debugger)\system_debugger_using_debug_mem_test.elf_on_local.tcl'
16:52:10 INFO  : Disconnected from the channel tcfchan#2.
16:52:11 INFO  : Connected to target on host '127.0.0.1' and port '3121'.
16:52:11 INFO  : Jtag cable 'Avnet USB-to-JTAG/UART Pod V1 1234-oj1A' is selected.
16:52:11 INFO  : 'jtag frequency' command is executed.
16:52:11 INFO  : Sourcing of 'C:/Xilinx/SDK/2018.3/scripts/sdk/util/zynqmp_utils.tcl' is done.
16:52:11 INFO  : Context for 'APU' is selected.
16:52:11 INFO  : Hardware design information is loaded from 'C:/Users/Jennifer/Documents/CMU_Year_5/Fall_Semester/18643/ReturnOf447Hype/Lab1/Ultra96_Basic_System/Ultra96_Basic_System.sdk/hw_platform_0/system.hdf'.
16:52:11 INFO  : 'configparams force-mem-access 1' command is executed.
16:52:11 INFO  : Context for 'APU' is selected.
16:52:11 INFO  : Sourcing of 'C:/Users/Jennifer/Documents/CMU_Year_5/Fall_Semester/18643/ReturnOf447Hype/Lab1/Ultra96_Basic_System/Ultra96_Basic_System.sdk/hw_platform_0/psu_init.tcl' is done.
16:52:35 ERROR : Invalid DAP IDCODE. Invalid DAP ACK value: 4
16:52:35 INFO  : ----------------XSDB Script----------------
connect -url tcp:127.0.0.1:3121
source C:/Xilinx/SDK/2018.3/scripts/sdk/util/zynqmp_utils.tcl
targets -set -nocase -filter {name =~"APU*" && jtag_cable_name =~ "Avnet USB-to-JTAG/UART Pod V1 1234-oj1A"} -index 1
loadhw -hw C:/Users/Jennifer/Documents/CMU_Year_5/Fall_Semester/18643/ReturnOf447Hype/Lab1/Ultra96_Basic_System/Ultra96_Basic_System.sdk/hw_platform_0/system.hdf -mem-ranges [list {0x80000000 0xbfffffff} {0x400000000 0x5ffffffff} {0x1000000000 0x7fffffffff}]
configparams force-mem-access 1
targets -set -nocase -filter {name =~"APU*" && jtag_cable_name =~ "Avnet USB-to-JTAG/UART Pod V1 1234-oj1A"} -index 1
source C:/Users/Jennifer/Documents/CMU_Year_5/Fall_Semester/18643/ReturnOf447Hype/Lab1/Ultra96_Basic_System/Ultra96_Basic_System.sdk/hw_platform_0/psu_init.tcl
psu_init
----------------End of Script----------------

16:52:43 INFO  : Connected to target on host '127.0.0.1' and port '3121'.
16:52:43 INFO  : 'targets -set -filter {jtag_cable_name =~ "Avnet USB-to-JTAG/UART Pod V1 1234-oj1A" && level==0} -index 0' command is executed.
16:52:46 INFO  : FPGA configured successfully with bitstream "C:/Users/Jennifer/Documents/CMU_Year_5/Fall_Semester/18643/ReturnOf447Hype/Lab1/Ultra96_Basic_System/Ultra96_Basic_System.sdk/hw_platform_0/design_1_wrapper.bit"
16:52:50 INFO  : Connected to target on host '127.0.0.1' and port '3121'.
16:52:50 INFO  : Jtag cable 'Avnet USB-to-JTAG/UART Pod V1 1234-oj1A' is selected.
16:52:50 INFO  : 'jtag frequency' command is executed.
16:52:50 INFO  : Sourcing of 'C:/Xilinx/SDK/2018.3/scripts/sdk/util/zynqmp_utils.tcl' is done.
16:52:50 INFO  : Context for 'APU' is selected.
16:52:50 INFO  : Hardware design information is loaded from 'C:/Users/Jennifer/Documents/CMU_Year_5/Fall_Semester/18643/ReturnOf447Hype/Lab1/Ultra96_Basic_System/Ultra96_Basic_System.sdk/hw_platform_0/system.hdf'.
16:52:50 INFO  : 'configparams force-mem-access 1' command is executed.
16:52:50 INFO  : Context for 'APU' is selected.
16:52:50 INFO  : Sourcing of 'C:/Users/Jennifer/Documents/CMU_Year_5/Fall_Semester/18643/ReturnOf447Hype/Lab1/Ultra96_Basic_System/Ultra96_Basic_System.sdk/hw_platform_0/psu_init.tcl' is done.
16:52:51 INFO  : 'psu_init' command is executed.
16:52:52 INFO  : 'after 1000' command is executed.
16:52:52 INFO  : 'psu_ps_pl_isolation_removal' command is executed.
16:52:53 INFO  : 'after 1000' command is executed.
16:52:53 INFO  : 'psu_ps_pl_reset_config' command is executed.
16:52:53 INFO  : 'catch {psu_protection}' command is executed.
16:52:53 INFO  : Context for processor 'psu_cortexa53_0' is selected.
16:52:53 INFO  : Processor reset is completed for 'psu_cortexa53_0'.
16:52:54 INFO  : The application 'C:/Users/Jennifer/Documents/CMU_Year_5/Fall_Semester/18643/ReturnOf447Hype/Lab1/Ultra96_Basic_System/Ultra96_Basic_System.sdk/Periph_Test/Debug/Periph_Test.elf' is downloaded to processor 'psu_cortexa53_0'.
16:52:54 INFO  : 'configparams force-mem-access 0' command is executed.
16:52:54 INFO  : ----------------XSDB Script----------------
connect -url tcp:127.0.0.1:3121
source C:/Xilinx/SDK/2018.3/scripts/sdk/util/zynqmp_utils.tcl
targets -set -nocase -filter {name =~"APU*" && jtag_cable_name =~ "Avnet USB-to-JTAG/UART Pod V1 1234-oj1A"} -index 1
loadhw -hw C:/Users/Jennifer/Documents/CMU_Year_5/Fall_Semester/18643/ReturnOf447Hype/Lab1/Ultra96_Basic_System/Ultra96_Basic_System.sdk/hw_platform_0/system.hdf -mem-ranges [list {0x80000000 0xbfffffff} {0x400000000 0x5ffffffff} {0x1000000000 0x7fffffffff}]
configparams force-mem-access 1
targets -set -nocase -filter {name =~"APU*" && jtag_cable_name =~ "Avnet USB-to-JTAG/UART Pod V1 1234-oj1A"} -index 1
source C:/Users/Jennifer/Documents/CMU_Year_5/Fall_Semester/18643/ReturnOf447Hype/Lab1/Ultra96_Basic_System/Ultra96_Basic_System.sdk/hw_platform_0/psu_init.tcl
psu_init
after 1000
psu_ps_pl_isolation_removal
after 1000
psu_ps_pl_reset_config
catch {psu_protection}
targets -set -nocase -filter {name =~"*A53*0" && jtag_cable_name =~ "Avnet USB-to-JTAG/UART Pod V1 1234-oj1A"} -index 1
rst -processor
dow C:/Users/Jennifer/Documents/CMU_Year_5/Fall_Semester/18643/ReturnOf447Hype/Lab1/Ultra96_Basic_System/Ultra96_Basic_System.sdk/Periph_Test/Debug/Periph_Test.elf
configparams force-mem-access 0
----------------End of Script----------------

16:52:54 INFO  : Context for processor 'psu_cortexa53_0' is selected.
16:52:54 INFO  : 'con' command is executed.
16:52:54 INFO  : ----------------XSDB Script (After Launch)----------------
targets -set -nocase -filter {name =~"*A53*0" && jtag_cable_name =~ "Avnet USB-to-JTAG/UART Pod V1 1234-oj1A"} -index 1
con
----------------End of Script----------------

16:52:54 INFO  : Launch script is exported to file 'C:\Users\Jennifer\Documents\CMU_Year_5\Fall_Semester\18643\ReturnOf447Hype\Lab1\Ultra96_Basic_System\Ultra96_Basic_System.sdk\.sdk\launch_scripts\xilinx_c-c++_application_(system_debugger)\system_debugger_using_debug_periph_test.elf_on_local.tcl'
16:54:11 INFO  : Connected to target on host '127.0.0.1' and port '3121'.
16:54:11 INFO  : 'targets -set -filter {jtag_cable_name =~ "Avnet USB-to-JTAG/UART Pod V1 1234-oj1A" && level==0} -index 0' command is executed.
16:54:14 INFO  : FPGA configured successfully with bitstream "C:/Users/Jennifer/Documents/CMU_Year_5/Fall_Semester/18643/ReturnOf447Hype/Lab1/Ultra96_Basic_System/Ultra96_Basic_System.sdk/hw_platform_0/design_1_wrapper.bit"
16:54:21 INFO  : Disconnected from the channel tcfchan#3.
16:54:22 INFO  : Connected to target on host '127.0.0.1' and port '3121'.
16:54:22 INFO  : Jtag cable 'Avnet USB-to-JTAG/UART Pod V1 1234-oj1A' is selected.
16:54:22 INFO  : 'jtag frequency' command is executed.
16:54:22 INFO  : Sourcing of 'C:/Xilinx/SDK/2018.3/scripts/sdk/util/zynqmp_utils.tcl' is done.
16:54:22 INFO  : Context for 'APU' is selected.
16:54:22 INFO  : Hardware design information is loaded from 'C:/Users/Jennifer/Documents/CMU_Year_5/Fall_Semester/18643/ReturnOf447Hype/Lab1/Ultra96_Basic_System/Ultra96_Basic_System.sdk/hw_platform_0/system.hdf'.
16:54:22 INFO  : 'configparams force-mem-access 1' command is executed.
16:54:22 INFO  : Context for 'APU' is selected.
16:54:22 INFO  : Sourcing of 'C:/Users/Jennifer/Documents/CMU_Year_5/Fall_Semester/18643/ReturnOf447Hype/Lab1/Ultra96_Basic_System/Ultra96_Basic_System.sdk/hw_platform_0/psu_init.tcl' is done.
16:54:23 INFO  : 'psu_init' command is executed.
16:54:24 INFO  : 'after 1000' command is executed.
16:54:24 INFO  : 'psu_ps_pl_isolation_removal' command is executed.
16:54:25 INFO  : 'after 1000' command is executed.
16:54:25 INFO  : 'psu_ps_pl_reset_config' command is executed.
16:54:25 INFO  : 'catch {psu_protection}' command is executed.
16:54:25 INFO  : Context for processor 'psu_cortexa53_0' is selected.
16:54:25 INFO  : Processor reset is completed for 'psu_cortexa53_0'.
16:54:26 INFO  : The application 'C:/Users/Jennifer/Documents/CMU_Year_5/Fall_Semester/18643/ReturnOf447Hype/Lab1/Ultra96_Basic_System/Ultra96_Basic_System.sdk/ZynqMP_DRAM_Test/Debug/ZynqMP_DRAM_Test.elf' is downloaded to processor 'psu_cortexa53_0'.
16:54:26 INFO  : 'configparams force-mem-access 0' command is executed.
16:54:26 INFO  : ----------------XSDB Script----------------
connect -url tcp:127.0.0.1:3121
source C:/Xilinx/SDK/2018.3/scripts/sdk/util/zynqmp_utils.tcl
targets -set -nocase -filter {name =~"APU*" && jtag_cable_name =~ "Avnet USB-to-JTAG/UART Pod V1 1234-oj1A"} -index 1
loadhw -hw C:/Users/Jennifer/Documents/CMU_Year_5/Fall_Semester/18643/ReturnOf447Hype/Lab1/Ultra96_Basic_System/Ultra96_Basic_System.sdk/hw_platform_0/system.hdf -mem-ranges [list {0x80000000 0xbfffffff} {0x400000000 0x5ffffffff} {0x1000000000 0x7fffffffff}]
configparams force-mem-access 1
targets -set -nocase -filter {name =~"APU*" && jtag_cable_name =~ "Avnet USB-to-JTAG/UART Pod V1 1234-oj1A"} -index 1
source C:/Users/Jennifer/Documents/CMU_Year_5/Fall_Semester/18643/ReturnOf447Hype/Lab1/Ultra96_Basic_System/Ultra96_Basic_System.sdk/hw_platform_0/psu_init.tcl
psu_init
after 1000
psu_ps_pl_isolation_removal
after 1000
psu_ps_pl_reset_config
catch {psu_protection}
targets -set -nocase -filter {name =~"*A53*0" && jtag_cable_name =~ "Avnet USB-to-JTAG/UART Pod V1 1234-oj1A"} -index 1
rst -processor
dow C:/Users/Jennifer/Documents/CMU_Year_5/Fall_Semester/18643/ReturnOf447Hype/Lab1/Ultra96_Basic_System/Ultra96_Basic_System.sdk/ZynqMP_DRAM_Test/Debug/ZynqMP_DRAM_Test.elf
configparams force-mem-access 0
----------------End of Script----------------

16:54:26 INFO  : Context for processor 'psu_cortexa53_0' is selected.
16:54:26 INFO  : 'con' command is executed.
16:54:26 INFO  : ----------------XSDB Script (After Launch)----------------
targets -set -nocase -filter {name =~"*A53*0" && jtag_cable_name =~ "Avnet USB-to-JTAG/UART Pod V1 1234-oj1A"} -index 1
con
----------------End of Script----------------

16:54:26 INFO  : Launch script is exported to file 'C:\Users\Jennifer\Documents\CMU_Year_5\Fall_Semester\18643\ReturnOf447Hype\Lab1\Ultra96_Basic_System\Ultra96_Basic_System.sdk\.sdk\launch_scripts\xilinx_c-c++_application_(system_debugger)\system_debugger_using_debug_zynqmp_dram_test.elf_on_local.tcl'
16:57:25 INFO  : Connected to target on host '127.0.0.1' and port '3121'.
16:57:25 INFO  : 'targets -set -filter {jtag_cable_name =~ "Avnet USB-to-JTAG/UART Pod V1 1234-oj1A" && level==0} -index 0' command is executed.
16:57:28 INFO  : FPGA configured successfully with bitstream "C:/Users/Jennifer/Documents/CMU_Year_5/Fall_Semester/18643/ReturnOf447Hype/Lab1/Ultra96_Basic_System/Ultra96_Basic_System.sdk/hw_platform_0/design_1_wrapper.bit"
16:57:37 INFO  : Disconnected from the channel tcfchan#4.
16:57:38 INFO  : Connected to target on host '127.0.0.1' and port '3121'.
16:57:38 INFO  : Jtag cable 'Avnet USB-to-JTAG/UART Pod V1 1234-oj1A' is selected.
16:57:38 INFO  : 'jtag frequency' command is executed.
16:57:38 INFO  : Sourcing of 'C:/Xilinx/SDK/2018.3/scripts/sdk/util/zynqmp_utils.tcl' is done.
16:57:38 INFO  : Context for 'APU' is selected.
16:57:38 INFO  : Hardware design information is loaded from 'C:/Users/Jennifer/Documents/CMU_Year_5/Fall_Semester/18643/ReturnOf447Hype/Lab1/Ultra96_Basic_System/Ultra96_Basic_System.sdk/hw_platform_0/system.hdf'.
16:57:38 INFO  : 'configparams force-mem-access 1' command is executed.
16:57:38 INFO  : Context for 'APU' is selected.
16:57:38 INFO  : Sourcing of 'C:/Users/Jennifer/Documents/CMU_Year_5/Fall_Semester/18643/ReturnOf447Hype/Lab1/Ultra96_Basic_System/Ultra96_Basic_System.sdk/hw_platform_0/psu_init.tcl' is done.
16:57:39 INFO  : 'psu_init' command is executed.
16:57:40 INFO  : 'after 1000' command is executed.
16:57:40 INFO  : 'psu_ps_pl_isolation_removal' command is executed.
16:57:41 INFO  : 'after 1000' command is executed.
16:57:41 INFO  : 'psu_ps_pl_reset_config' command is executed.
16:57:41 INFO  : 'catch {psu_protection}' command is executed.
16:57:41 INFO  : Context for processor 'psu_cortexa53_0' is selected.
16:57:41 INFO  : Processor reset is completed for 'psu_cortexa53_0'.
16:57:42 INFO  : The application 'C:/Users/Jennifer/Documents/CMU_Year_5/Fall_Semester/18643/ReturnOf447Hype/Lab1/Ultra96_Basic_System/Ultra96_Basic_System.sdk/Mem_Test/Debug/Mem_Test.elf' is downloaded to processor 'psu_cortexa53_0'.
16:57:42 INFO  : 'configparams force-mem-access 0' command is executed.
16:57:42 INFO  : ----------------XSDB Script----------------
connect -url tcp:127.0.0.1:3121
source C:/Xilinx/SDK/2018.3/scripts/sdk/util/zynqmp_utils.tcl
targets -set -nocase -filter {name =~"APU*" && jtag_cable_name =~ "Avnet USB-to-JTAG/UART Pod V1 1234-oj1A"} -index 1
loadhw -hw C:/Users/Jennifer/Documents/CMU_Year_5/Fall_Semester/18643/ReturnOf447Hype/Lab1/Ultra96_Basic_System/Ultra96_Basic_System.sdk/hw_platform_0/system.hdf -mem-ranges [list {0x80000000 0xbfffffff} {0x400000000 0x5ffffffff} {0x1000000000 0x7fffffffff}]
configparams force-mem-access 1
targets -set -nocase -filter {name =~"APU*" && jtag_cable_name =~ "Avnet USB-to-JTAG/UART Pod V1 1234-oj1A"} -index 1
source C:/Users/Jennifer/Documents/CMU_Year_5/Fall_Semester/18643/ReturnOf447Hype/Lab1/Ultra96_Basic_System/Ultra96_Basic_System.sdk/hw_platform_0/psu_init.tcl
psu_init
after 1000
psu_ps_pl_isolation_removal
after 1000
psu_ps_pl_reset_config
catch {psu_protection}
targets -set -nocase -filter {name =~"*A53*0" && jtag_cable_name =~ "Avnet USB-to-JTAG/UART Pod V1 1234-oj1A"} -index 1
rst -processor
dow C:/Users/Jennifer/Documents/CMU_Year_5/Fall_Semester/18643/ReturnOf447Hype/Lab1/Ultra96_Basic_System/Ultra96_Basic_System.sdk/Mem_Test/Debug/Mem_Test.elf
configparams force-mem-access 0
----------------End of Script----------------

16:57:42 INFO  : Context for processor 'psu_cortexa53_0' is selected.
16:57:42 INFO  : 'con' command is executed.
16:57:42 INFO  : ----------------XSDB Script (After Launch)----------------
targets -set -nocase -filter {name =~"*A53*0" && jtag_cable_name =~ "Avnet USB-to-JTAG/UART Pod V1 1234-oj1A"} -index 1
con
----------------End of Script----------------

16:57:42 INFO  : Launch script is exported to file 'C:\Users\Jennifer\Documents\CMU_Year_5\Fall_Semester\18643\ReturnOf447Hype\Lab1\Ultra96_Basic_System\Ultra96_Basic_System.sdk\.sdk\launch_scripts\xilinx_c-c++_application_(system_debugger)\system_debugger_using_debug_mem_test.elf_on_local.tcl'
17:04:15 INFO  : Disconnected from the channel tcfchan#5.
17:14:53 INFO  : Registering command handlers for SDK TCF services
17:14:53 INFO  : Launching XSCT server: xsct.bat -interactive C:\Users\Jennifer\Documents\CMU_Year_5\Fall_Semester\18643\ReturnOf447Hype\Lab1\Ultra96_Basic_System\Ultra96_Basic_System.sdk\temp_xsdb_launch_script.tcl
17:14:57 INFO  : XSCT server has started successfully.
17:14:57 INFO  : Successfully done setting XSCT server connection channel  
17:15:00 INFO  : Successfully done setting SDK workspace  
17:15:00 INFO  : Processing command line option -hwspec C:/Users/Jennifer/Documents/CMU_Year_5/Fall_Semester/18643/ReturnOf447Hype/Lab1/Ultra96_Basic_System/Ultra96_Basic_System.sdk/design_1_wrapper.hdf.
17:15:16 INFO  : Checking for hwspec changes in the project design_1_wrapper_hw_platform_0.
17:15:16 INFO  : SDK has detected change in the last modified timestamps for source hardware specification file Source:1568581986947,  Project:1568578043521
17:15:16 INFO  : The hardware specification for project 'design_1_wrapper_hw_platform_0' is different from C:/Users/Jennifer/Documents/CMU_Year_5/Fall_Semester/18643/ReturnOf447Hype/Lab1/Ultra96_Basic_System/Ultra96_Basic_System.sdk/design_1_wrapper.hdf.
17:15:16 INFO  : Copied contents of C:/Users/Jennifer/Documents/CMU_Year_5/Fall_Semester/18643/ReturnOf447Hype/Lab1/Ultra96_Basic_System/Ultra96_Basic_System.sdk/design_1_wrapper.hdf into \design_1_wrapper_hw_platform_0\system.hdf.
17:15:28 INFO  : Synchronizing projects in the workspace with the hardware platform specification changes.
17:15:28 INFO  : SDK has detected change in the last modified timestamps for source hardware specification file Source:1568581986947,  Project:1568578043521
17:15:28 INFO  : Project hw_platform_0's source hardware specification located at C:\Users\Jennifer\Documents\CMU_Year_5\Fall_Semester\18643\ReturnOf447Hype\Lab1\Ultra96_Basic_System\Ultra96_Basic_System.sdk\design_1_wrapper.hdf is now different from the local copy.
		 The local copy will be replaced with the source specification and your workspace will be updated.
17:15:44 INFO  : Project hw_platform_0's source hardware specification location will not be monitored anymore.
17:15:44 INFO  : Clearing existing target manager status.
17:15:44 INFO  : Workspace synchronized with the new hardware specification file. Cleaning dependent projects...
17:15:44 WARN  : Linker script will not be updated automatically. Users need to update it manually.
17:17:24 INFO  : Connected to target on host '127.0.0.1' and port '3121'.
17:17:26 INFO  : 'targets -set -filter {jtag_cable_name =~ "Avnet USB-to-JTAG/UART Pod V1 1234-oj1A" && level==0} -index 0' command is executed.
17:17:30 INFO  : FPGA configured successfully with bitstream "C:/Users/Jennifer/Documents/CMU_Year_5/Fall_Semester/18643/ReturnOf447Hype/Lab1/Ultra96_Basic_System/Ultra96_Basic_System.sdk/hw_platform_0/design_1_wrapper.bit"
17:17:37 INFO  : Connected to target on host '127.0.0.1' and port '3121'.
17:17:37 INFO  : Jtag cable 'Avnet USB-to-JTAG/UART Pod V1 1234-oj1A' is selected.
17:17:37 INFO  : 'jtag frequency' command is executed.
17:17:37 INFO  : Sourcing of 'C:/Xilinx/SDK/2018.3/scripts/sdk/util/zynqmp_utils.tcl' is done.
17:17:37 INFO  : Context for 'APU' is selected.
17:17:37 INFO  : Hardware design information is loaded from 'C:/Users/Jennifer/Documents/CMU_Year_5/Fall_Semester/18643/ReturnOf447Hype/Lab1/Ultra96_Basic_System/Ultra96_Basic_System.sdk/hw_platform_0/system.hdf'.
17:17:37 INFO  : 'configparams force-mem-access 1' command is executed.
17:17:38 INFO  : Context for 'APU' is selected.
17:17:38 INFO  : Sourcing of 'C:/Users/Jennifer/Documents/CMU_Year_5/Fall_Semester/18643/ReturnOf447Hype/Lab1/Ultra96_Basic_System/Ultra96_Basic_System.sdk/hw_platform_0/psu_init.tcl' is done.
17:27:14 INFO  : Registering command handlers for SDK TCF services
17:27:14 INFO  : Launching XSCT server: xsct.bat -interactive C:\Users\Jennifer\Documents\CMU_Year_5\Fall_Semester\18643\ReturnOf447Hype\Lab1\Ultra96_Basic_System\Ultra96_Basic_System.sdk\temp_xsdb_launch_script.tcl
17:27:16 INFO  : XSCT server has started successfully.
17:27:16 INFO  : Successfully done setting XSCT server connection channel  
17:27:16 INFO  : Successfully done setting SDK workspace  
17:27:16 INFO  : Processing command line option -hwspec C:/Users/Jennifer/Documents/CMU_Year_5/Fall_Semester/18643/ReturnOf447Hype/Lab1/Ultra96_Basic_System/Ultra96_Basic_System.sdk/design_1_wrapper.hdf.
17:27:16 INFO  : Checking for hwspec changes in the project design_1_wrapper_hw_platform_0.
17:37:38 INFO  : Connected to target on host '127.0.0.1' and port '3121'.
17:37:39 INFO  : Jtag cable 'Avnet USB-to-JTAG/UART Pod V1 1234-oj1A' is selected.
17:37:39 INFO  : 'jtag frequency' command is executed.
17:37:39 INFO  : Sourcing of 'C:/Xilinx/SDK/2018.3/scripts/sdk/util/zynqmp_utils.tcl' is done.
17:37:39 INFO  : Context for 'APU' is selected.
17:37:39 INFO  : Hardware design information is loaded from 'C:/Users/Jennifer/Documents/CMU_Year_5/Fall_Semester/18643/ReturnOf447Hype/Lab1/Ultra96_Basic_System/Ultra96_Basic_System.sdk/hw_platform_0/system.hdf'.
17:37:39 INFO  : 'configparams force-mem-access 1' command is executed.
17:37:39 INFO  : Context for 'APU' is selected.
17:37:39 INFO  : Sourcing of 'C:/Users/Jennifer/Documents/CMU_Year_5/Fall_Semester/18643/ReturnOf447Hype/Lab1/Ultra96_Basic_System/Ultra96_Basic_System.sdk/hw_platform_0/psu_init.tcl' is done.
17:39:33 INFO  : Registering command handlers for SDK TCF services
17:39:33 INFO  : Launching XSCT server: xsct.bat -interactive C:\Users\Jennifer\Documents\CMU_Year_5\Fall_Semester\18643\ReturnOf447Hype\Lab1\Ultra96_Basic_System\Ultra96_Basic_System.sdk\temp_xsdb_launch_script.tcl
17:39:35 INFO  : XSCT server has started successfully.
17:39:36 INFO  : Successfully done setting XSCT server connection channel  
17:39:36 INFO  : Successfully done setting SDK workspace  
17:39:36 INFO  : Processing command line option -hwspec C:/Users/Jennifer/Documents/CMU_Year_5/Fall_Semester/18643/ReturnOf447Hype/Lab1/Ultra96_Basic_System/Ultra96_Basic_System.sdk/design_1_wrapper.hdf.
17:39:36 INFO  : Checking for hwspec changes in the project design_1_wrapper_hw_platform_0.
17:40:29 INFO  : Connected to target on host '127.0.0.1' and port '3121'.
17:40:29 INFO  : 'targets -set -filter {jtag_cable_name =~ "Avnet USB-to-JTAG/UART Pod V1 1234-oj1A" && level==0} -index 0' command is executed.
17:40:33 INFO  : FPGA configured successfully with bitstream "C:/Users/Jennifer/Documents/CMU_Year_5/Fall_Semester/18643/ReturnOf447Hype/Lab1/Ultra96_Basic_System/Ultra96_Basic_System.sdk/design_1_wrapper_hw_platform_0/design_1_wrapper.bit"
17:40:42 INFO  : Connected to target on host '127.0.0.1' and port '3121'.
17:40:42 INFO  : Jtag cable 'Avnet USB-to-JTAG/UART Pod V1 1234-oj1A' is selected.
17:40:42 INFO  : 'jtag frequency' command is executed.
17:40:42 INFO  : Sourcing of 'C:/Xilinx/SDK/2018.3/scripts/sdk/util/zynqmp_utils.tcl' is done.
17:40:42 INFO  : Context for 'APU' is selected.
17:40:43 INFO  : Hardware design information is loaded from 'C:/Users/Jennifer/Documents/CMU_Year_5/Fall_Semester/18643/ReturnOf447Hype/Lab1/Ultra96_Basic_System/Ultra96_Basic_System.sdk/hw_platform_0/system.hdf'.
17:40:43 INFO  : 'configparams force-mem-access 1' command is executed.
17:40:43 INFO  : Context for 'APU' is selected.
17:40:43 INFO  : Sourcing of 'C:/Users/Jennifer/Documents/CMU_Year_5/Fall_Semester/18643/ReturnOf447Hype/Lab1/Ultra96_Basic_System/Ultra96_Basic_System.sdk/hw_platform_0/psu_init.tcl' is done.
17:40:44 INFO  : 'psu_init' command is executed.
17:40:45 INFO  : 'after 1000' command is executed.
17:40:45 INFO  : 'psu_ps_pl_isolation_removal' command is executed.
17:40:46 INFO  : 'after 1000' command is executed.
17:40:46 INFO  : 'psu_ps_pl_reset_config' command is executed.
17:40:46 INFO  : 'catch {psu_protection}' command is executed.
17:40:46 INFO  : Context for processor 'psu_cortexa53_0' is selected.
17:40:46 INFO  : Processor reset is completed for 'psu_cortexa53_0'.
17:40:46 INFO  : The application 'C:/Users/Jennifer/Documents/CMU_Year_5/Fall_Semester/18643/ReturnOf447Hype/Lab1/Ultra96_Basic_System/Ultra96_Basic_System.sdk/Mem_Test/Debug/Mem_Test.elf' is downloaded to processor 'psu_cortexa53_0'.
17:40:46 INFO  : 'configparams force-mem-access 0' command is executed.
17:40:46 INFO  : ----------------XSDB Script----------------
connect -url tcp:127.0.0.1:3121
source C:/Xilinx/SDK/2018.3/scripts/sdk/util/zynqmp_utils.tcl
targets -set -nocase -filter {name =~"APU*" && jtag_cable_name =~ "Avnet USB-to-JTAG/UART Pod V1 1234-oj1A"} -index 1
loadhw -hw C:/Users/Jennifer/Documents/CMU_Year_5/Fall_Semester/18643/ReturnOf447Hype/Lab1/Ultra96_Basic_System/Ultra96_Basic_System.sdk/hw_platform_0/system.hdf -mem-ranges [list {0x80000000 0xbfffffff} {0x400000000 0x5ffffffff} {0x1000000000 0x7fffffffff}]
configparams force-mem-access 1
targets -set -nocase -filter {name =~"APU*" && jtag_cable_name =~ "Avnet USB-to-JTAG/UART Pod V1 1234-oj1A"} -index 1
source C:/Users/Jennifer/Documents/CMU_Year_5/Fall_Semester/18643/ReturnOf447Hype/Lab1/Ultra96_Basic_System/Ultra96_Basic_System.sdk/hw_platform_0/psu_init.tcl
psu_init
after 1000
psu_ps_pl_isolation_removal
after 1000
psu_ps_pl_reset_config
catch {psu_protection}
targets -set -nocase -filter {name =~"*A53*0" && jtag_cable_name =~ "Avnet USB-to-JTAG/UART Pod V1 1234-oj1A"} -index 1
rst -processor
dow C:/Users/Jennifer/Documents/CMU_Year_5/Fall_Semester/18643/ReturnOf447Hype/Lab1/Ultra96_Basic_System/Ultra96_Basic_System.sdk/Mem_Test/Debug/Mem_Test.elf
configparams force-mem-access 0
----------------End of Script----------------

17:40:46 INFO  : Context for processor 'psu_cortexa53_0' is selected.
17:40:46 INFO  : 'con' command is executed.
17:40:46 INFO  : ----------------XSDB Script (After Launch)----------------
targets -set -nocase -filter {name =~"*A53*0" && jtag_cable_name =~ "Avnet USB-to-JTAG/UART Pod V1 1234-oj1A"} -index 1
con
----------------End of Script----------------

17:40:46 INFO  : Launch script is exported to file 'C:\Users\Jennifer\Documents\CMU_Year_5\Fall_Semester\18643\ReturnOf447Hype\Lab1\Ultra96_Basic_System\Ultra96_Basic_System.sdk\.sdk\launch_scripts\xilinx_c-c++_application_(system_debugger)\system_debugger_using_debug_mem_test.elf_on_local.tcl'
17:53:25 INFO  : SDK has detected change in the last modified timestamps for source hardware specification file Source:1568584354221,  Project:1568581986947
17:53:25 INFO  : Project design_1_wrapper_hw_platform_0's source hardware specification located at C:/Users/Jennifer/Documents/CMU_Year_5/Fall_Semester/18643/ReturnOf447Hype/Lab1/Ultra96_Basic_System/Ultra96_Basic_System.sdk/design_1_wrapper.hdf is now different from the local copy.
		 The local copy will be replaced with the source specification and your workspace will be updated.
17:53:31 INFO  : Copied contents of C:/Users/Jennifer/Documents/CMU_Year_5/Fall_Semester/18643/ReturnOf447Hype/Lab1/Ultra96_Basic_System/Ultra96_Basic_System.sdk/design_1_wrapper.hdf into \design_1_wrapper_hw_platform_0\system.hdf.
17:53:43 INFO  : Synchronizing projects in the workspace with the hardware platform specification changes.
17:53:43 INFO  : Clearing existing target manager status.
17:53:43 INFO  : Workspace synchronized with the new hardware specification file. Cleaning dependent projects...
17:53:43 WARN  : Linker script will not be updated automatically. Users need to update it manually.
18:06:48 INFO  : SDK has detected change in the last modified timestamps for source hardware specification file Source:1568585164882,  Project:1568584354221
18:06:48 INFO  : Project design_1_wrapper_hw_platform_0's source hardware specification located at C:/Users/Jennifer/Documents/CMU_Year_5/Fall_Semester/18643/ReturnOf447Hype/Lab1/Ultra96_Basic_System/Ultra96_Basic_System.sdk/design_1_wrapper.hdf is now different from the local copy.
		 The local copy will be replaced with the source specification and your workspace will be updated.
18:07:03 INFO  : Copied contents of C:/Users/Jennifer/Documents/CMU_Year_5/Fall_Semester/18643/ReturnOf447Hype/Lab1/Ultra96_Basic_System/Ultra96_Basic_System.sdk/design_1_wrapper.hdf into \design_1_wrapper_hw_platform_0\system.hdf.
18:07:14 INFO  : Synchronizing projects in the workspace with the hardware platform specification changes.
18:07:14 INFO  : Clearing existing target manager status.
18:07:14 INFO  : Workspace synchronized with the new hardware specification file. Cleaning dependent projects...
18:07:14 WARN  : Linker script will not be updated automatically. Users need to update it manually.
18:29:56 INFO  : SDK has detected change in the last modified timestamps for source hardware specification file Source:1568586522820,  Project:1568585164882
18:29:56 INFO  : Project design_1_wrapper_hw_platform_0's source hardware specification located at C:/Users/Jennifer/Documents/CMU_Year_5/Fall_Semester/18643/ReturnOf447Hype/Lab1/Ultra96_Basic_System/Ultra96_Basic_System.sdk/design_1_wrapper.hdf is now different from the local copy.
		 The local copy will be replaced with the source specification and your workspace will be updated.
18:30:45 INFO  : Copied contents of C:/Users/Jennifer/Documents/CMU_Year_5/Fall_Semester/18643/ReturnOf447Hype/Lab1/Ultra96_Basic_System/Ultra96_Basic_System.sdk/design_1_wrapper.hdf into \design_1_wrapper_hw_platform_0\system.hdf.
18:30:59 INFO  : Synchronizing projects in the workspace with the hardware platform specification changes.
18:30:59 INFO  : Clearing existing target manager status.
18:30:59 INFO  : Workspace synchronized with the new hardware specification file. Cleaning dependent projects...
18:30:59 WARN  : Linker script will not be updated automatically. Users need to update it manually.
18:35:04 INFO  : Connected to target on host '127.0.0.1' and port '3121'.
18:35:04 INFO  : 'targets -set -filter {jtag_cable_name =~ "Avnet USB-to-JTAG/UART Pod V1 1234-oj1A" && level==0} -index 0' command is executed.
18:35:08 INFO  : FPGA configured successfully with bitstream "C:/Users/Jennifer/Documents/CMU_Year_5/Fall_Semester/18643/ReturnOf447Hype/Lab1/Ultra96_Basic_System/Ultra96_Basic_System.sdk/design_1_wrapper_hw_platform_0/design_1_wrapper.bit"
18:35:16 INFO  : Disconnected from the channel tcfchan#1.
18:35:18 INFO  : Connected to target on host '127.0.0.1' and port '3121'.
18:35:25 INFO  : Jtag cable 'Avnet USB-to-JTAG/UART Pod V1 1234-oj1A' is selected.
18:35:25 INFO  : 'jtag frequency' command is executed.
18:35:25 INFO  : Sourcing of 'C:/Xilinx/SDK/2018.3/scripts/sdk/util/zynqmp_utils.tcl' is done.
18:35:25 INFO  : Context for 'APU' is selected.
18:35:26 INFO  : Hardware design information is loaded from 'C:/Users/Jennifer/Documents/CMU_Year_5/Fall_Semester/18643/ReturnOf447Hype/Lab1/Ultra96_Basic_System/Ultra96_Basic_System.sdk/hw_platform_0/system.hdf'.
18:35:26 INFO  : 'configparams force-mem-access 1' command is executed.
18:35:26 INFO  : Context for 'APU' is selected.
18:35:26 INFO  : Sourcing of 'C:/Users/Jennifer/Documents/CMU_Year_5/Fall_Semester/18643/ReturnOf447Hype/Lab1/Ultra96_Basic_System/Ultra96_Basic_System.sdk/hw_platform_0/psu_init.tcl' is done.
18:35:27 INFO  : 'psu_init' command is executed.
18:35:28 INFO  : 'after 1000' command is executed.
18:35:28 INFO  : 'psu_ps_pl_isolation_removal' command is executed.
18:35:29 INFO  : 'after 1000' command is executed.
18:35:29 INFO  : 'psu_ps_pl_reset_config' command is executed.
18:35:29 INFO  : 'catch {psu_protection}' command is executed.
18:35:29 INFO  : Context for processor 'psu_cortexa53_0' is selected.
18:35:29 INFO  : Processor reset is completed for 'psu_cortexa53_0'.
18:35:29 INFO  : The application 'C:/Users/Jennifer/Documents/CMU_Year_5/Fall_Semester/18643/ReturnOf447Hype/Lab1/Ultra96_Basic_System/Ultra96_Basic_System.sdk/Mem_Test/Debug/Mem_Test.elf' is downloaded to processor 'psu_cortexa53_0'.
18:35:29 INFO  : 'configparams force-mem-access 0' command is executed.
18:35:29 INFO  : ----------------XSDB Script----------------
connect -url tcp:127.0.0.1:3121
source C:/Xilinx/SDK/2018.3/scripts/sdk/util/zynqmp_utils.tcl
targets -set -nocase -filter {name =~"APU*" && jtag_cable_name =~ "Avnet USB-to-JTAG/UART Pod V1 1234-oj1A"} -index 1
loadhw -hw C:/Users/Jennifer/Documents/CMU_Year_5/Fall_Semester/18643/ReturnOf447Hype/Lab1/Ultra96_Basic_System/Ultra96_Basic_System.sdk/hw_platform_0/system.hdf -mem-ranges [list {0x80000000 0xbfffffff} {0x400000000 0x5ffffffff} {0x1000000000 0x7fffffffff}]
configparams force-mem-access 1
targets -set -nocase -filter {name =~"APU*" && jtag_cable_name =~ "Avnet USB-to-JTAG/UART Pod V1 1234-oj1A"} -index 1
source C:/Users/Jennifer/Documents/CMU_Year_5/Fall_Semester/18643/ReturnOf447Hype/Lab1/Ultra96_Basic_System/Ultra96_Basic_System.sdk/hw_platform_0/psu_init.tcl
psu_init
after 1000
psu_ps_pl_isolation_removal
after 1000
psu_ps_pl_reset_config
catch {psu_protection}
targets -set -nocase -filter {name =~"*A53*0" && jtag_cable_name =~ "Avnet USB-to-JTAG/UART Pod V1 1234-oj1A"} -index 1
rst -processor
dow C:/Users/Jennifer/Documents/CMU_Year_5/Fall_Semester/18643/ReturnOf447Hype/Lab1/Ultra96_Basic_System/Ultra96_Basic_System.sdk/Mem_Test/Debug/Mem_Test.elf
configparams force-mem-access 0
----------------End of Script----------------

18:35:29 INFO  : Context for processor 'psu_cortexa53_0' is selected.
18:35:29 INFO  : 'con' command is executed.
18:35:29 INFO  : ----------------XSDB Script (After Launch)----------------
targets -set -nocase -filter {name =~"*A53*0" && jtag_cable_name =~ "Avnet USB-to-JTAG/UART Pod V1 1234-oj1A"} -index 1
con
----------------End of Script----------------

18:35:29 INFO  : Launch script is exported to file 'C:\Users\Jennifer\Documents\CMU_Year_5\Fall_Semester\18643\ReturnOf447Hype\Lab1\Ultra96_Basic_System\Ultra96_Basic_System.sdk\.sdk\launch_scripts\xilinx_c-c++_application_(system_debugger)\system_debugger_using_debug_mem_test.elf_on_local.tcl'
18:38:27 INFO  : Inferring section assignments and sizes from elf file: C:\Users\Jennifer\Documents\CMU_Year_5\Fall_Semester\18643\ReturnOf447Hype\Lab1\Ultra96_Basic_System\Ultra96_Basic_System.sdk\Mem_Test\Debug\Mem_Test.elf
18:42:37 ERROR : Interrupted exception while waiting for the completion of command '::hsi::utils::set_comp_param -hw C:/Users/Jennifer/Documents/CMU_Year_5/Fall_Semester/18643/ReturnOf447Hype/Lab1/Ultra96_Basic_System/Ultra96_Basic_System.sdk/hw_platform_0/system.hdf -sw C:/Users/Jennifer/Documents/CMU_Year_5/Fall_Semester/18643/ReturnOf447Hype/Lab1/Ultra96_Basic_System/Ultra96_Basic_System.sdk/standalone_bsp_1/system.mss -parameter stdout -value "psu_uart_1"'
18:42:38 ERROR : (SwPlaform) Failed to call setParamInSpec
java.lang.InterruptedException
	at java.lang.Object.wait(Native Method)
	at java.lang.Object.wait(Object.java:502)
	at com.xilinx.sdk.xsdb.XsdbCommandWaitHandler.waitForCompletion(XsdbCommandWaitHandler.java:51)
	at com.xilinx.sdk.xsdb.XSDBCommandManager.issueAndWait(XSDBCommandManager.java:401)
	at com.xilinx.sdk.xsdb.XsdbCommandUtils.executeAndRespond(XsdbCommandUtils.java:307)
	at com.xilinx.sdk.sw.internal.SwPlatform.setParamInSpec(SwPlatform.java:1052)
	at com.xilinx.sdk.sw.ui.internal.SwConfig.persistSwProperty(SwConfig.java:136)
	at com.xilinx.sdk.sw.ui.internal.SwConfig.access$5(SwConfig.java:130)
	at com.xilinx.sdk.sw.ui.internal.SwConfig$PropertyValueEditingSupport.setValue(SwConfig.java:377)
	at org.eclipse.jface.viewers.EditingSupport.saveCellEditorValue(EditingSupport.java:113)
	at org.eclipse.jface.viewers.ColumnViewerEditor.saveEditorValue(ColumnViewerEditor.java:453)
	at org.eclipse.jface.viewers.ColumnViewerEditor.applyEditorValue(ColumnViewerEditor.java:309)
	at org.eclipse.jface.viewers.ColumnViewerEditor$1.applyEditorValue(ColumnViewerEditor.java:152)
	at org.eclipse.jface.viewers.CellEditor$1.run(CellEditor.java:336)
	at org.eclipse.core.runtime.SafeRunner.run(SafeRunner.java:42)
	at org.eclipse.ui.internal.JFaceUtil$1.run(JFaceUtil.java:50)
	at org.eclipse.jface.util.SafeRunnable.run(SafeRunnable.java:173)
	at org.eclipse.jface.viewers.CellEditor.fireApplyEditorValue(CellEditor.java:333)
	at org.eclipse.jface.viewers.ComboBoxCellEditor.applyEditorValueAndDeactivate(ComboBoxCellEditor.java:272)
	at org.eclipse.jface.viewers.ComboBoxCellEditor.focusLost(ComboBoxCellEditor.java:279)
	at org.eclipse.jface.viewers.ComboBoxCellEditor$3.focusLost(ComboBoxCellEditor.java:168)
	at org.eclipse.swt.widgets.TypedListener.handleEvent(TypedListener.java:144)
	at org.eclipse.swt.widgets.EventTable.sendEvent(EventTable.java:84)
	at org.eclipse.swt.widgets.Display.sendEvent(Display.java:4410)
	at org.eclipse.swt.widgets.Widget.sendEvent(Widget.java:1079)
	at org.eclipse.swt.widgets.Widget.sendEvent(Widget.java:1103)
	at org.eclipse.swt.widgets.Widget.sendEvent(Widget.java:1088)
	at org.eclipse.swt.widgets.Widget.notifyListeners(Widget.java:802)
	at org.eclipse.swt.custom.CCombo.handleFocus(CCombo.java:922)
	at org.eclipse.swt.custom.CCombo$2.handleEvent(CCombo.java:150)
	at org.eclipse.swt.widgets.EventTable.sendEvent(EventTable.java:84)
	at org.eclipse.swt.widgets.Display.filterEvent(Display.java:1270)
	at org.eclipse.swt.widgets.Widget.sendEvent(Widget.java:1078)
	at org.eclipse.swt.widgets.Widget.sendEvent(Widget.java:1103)
	at org.eclipse.swt.widgets.Widget.sendEvent(Widget.java:1084)
	at org.eclipse.swt.widgets.Control.sendFocusEvent(Control.java:2926)
	at org.eclipse.swt.widgets.Widget.wmSetFocus(Widget.java:2437)
	at org.eclipse.swt.widgets.Control.WM_SETFOCUS(Control.java:5438)
	at org.eclipse.swt.widgets.Tree.WM_SETFOCUS(Tree.java:7195)
	at org.eclipse.swt.widgets.Control.windowProc(Control.java:4861)
	at org.eclipse.swt.widgets.Tree.windowProc(Tree.java:6074)
	at org.eclipse.swt.widgets.Display.windowProc(Display.java:5102)
	at org.eclipse.swt.internal.win32.OS.SetFocus(Native Method)
	at org.eclipse.swt.widgets.Tree.WM_LBUTTONDOWN(Tree.java:6761)
	at org.eclipse.swt.widgets.Control.windowProc(Control.java:4827)
	at org.eclipse.swt.widgets.Tree.windowProc(Tree.java:6074)
	at org.eclipse.swt.widgets.Display.windowProc(Display.java:5102)
	at org.eclipse.swt.internal.win32.OS.DispatchMessageW(Native Method)
	at org.eclipse.swt.internal.win32.OS.DispatchMessage(OS.java:2552)
	at org.eclipse.swt.widgets.Display.readAndDispatch(Display.java:3814)
	at org.eclipse.jface.window.Window.runEventLoop(Window.java:818)
	at org.eclipse.jface.window.Window.open(Window.java:794)
	at com.xilinx.sdk.sw.ui.internal.BspSettingsPresenter.open(BspSettingsPresenter.java:82)
	at com.xilinx.sdk.sw.ui.BspSettingsFlow.executeFlowInternal(BspSettingsFlow.java:109)
	at com.xilinx.sdk.sw.ui.BspSettingsFlow.executeFlow(BspSettingsFlow.java:78)
	at com.xilinx.sdk.sw.ui.internal.NewBspWizard$4$1.run(NewBspWizard.java:289)
	at org.eclipse.swt.widgets.RunnableLock.run(RunnableLock.java:35)
	at org.eclipse.swt.widgets.Synchronizer.runAsyncMessages(Synchronizer.java:182)
	at org.eclipse.swt.widgets.Display.runAsyncMessages(Display.java:4203)
	at org.eclipse.swt.widgets.Display.readAndDispatch(Display.java:3819)
	at org.eclipse.e4.ui.internal.workbench.swt.PartRenderingEngine$4.run(PartRenderingEngine.java:1121)
	at org.eclipse.core.databinding.observable.Realm.runWithDefault(Realm.java:336)
	at org.eclipse.e4.ui.internal.workbench.swt.PartRenderingEngine.run(PartRenderingEngine.java:1022)
	at org.eclipse.e4.ui.internal.workbench.E4Workbench.createAndRunUI(E4Workbench.java:150)
	at org.eclipse.ui.internal.Workbench$5.run(Workbench.java:687)
	at org.eclipse.core.databinding.observable.Realm.runWithDefault(Realm.java:336)
	at org.eclipse.ui.internal.Workbench.createAndRunWorkbench(Workbench.java:604)
	at org.eclipse.ui.PlatformUI.createAndRunWorkbench(PlatformUI.java:148)
	at org.eclipse.ui.internal.ide.application.IDEApplication.start(IDEApplication.java:138)
	at org.eclipse.equinox.internal.app.EclipseAppHandle.run(EclipseAppHandle.java:196)
	at org.eclipse.core.runtime.internal.adaptor.EclipseAppLauncher.runApplication(EclipseAppLauncher.java:134)
	at org.eclipse.core.runtime.internal.adaptor.EclipseAppLauncher.start(EclipseAppLauncher.java:104)
	at org.eclipse.core.runtime.adaptor.EclipseStarter.run(EclipseStarter.java:388)
	at org.eclipse.core.runtime.adaptor.EclipseStarter.run(EclipseStarter.java:243)
	at sun.reflect.NativeMethodAccessorImpl.invoke0(Native Method)
	at sun.reflect.NativeMethodAccessorImpl.invoke(NativeMethodAccessorImpl.java:62)
	at sun.reflect.DelegatingMethodAccessorImpl.invoke(DelegatingMethodAccessorImpl.java:43)
	at java.lang.reflect.Method.invoke(Method.java:498)
	at org.eclipse.equinox.launcher.Main.invokeFramework(Main.java:673)
	at org.eclipse.equinox.launcher.Main.basicRun(Main.java:610)
	at org.eclipse.equinox.launcher.Main.run(Main.java:1519)
18:46:57 INFO  : Disconnected from the channel tcfchan#2.
