#-----------------------------------------------------------
# Webtalk v2018.3 (64-bit)
# SW Build 2405991 on Thu Dec  6 23:38:27 MST 2018
# 
# Start of session at: Sun Sep 15 17:04:19 2019
# Process ID: 26152
# Current directory: C:/Users/Jennifer/Documents/CMU_Year_5/Fall_Semester/18643/ReturnOf447Hype/Lab1/Ultra96_Basic_System/Ultra96_Basic_System.sdk/webtalk
# Command line: wbtcv.exe -mode batch -source sdk_webtalk.tcl
# Log file: C:/Users/Jennifer/Documents/CMU_Year_5/Fall_Semester/18643/ReturnOf447Hype/Lab1/Ultra96_Basic_System/Ultra96_Basic_System.sdk/webtalk/webtalk.log
# Journal file: C:/Users/Jennifer/Documents/CMU_Year_5/Fall_Semester/18643/ReturnOf447Hype/Lab1/Ultra96_Basic_System/Ultra96_Basic_System.sdk/webtalk\webtalk.jou
#-----------------------------------------------------------
source sdk_webtalk.tcl
# webtalk_init -webtalk_dir C:\\Users\\Jennifer\\Documents\\CMU_Year_5\\Fall_Semester\\18643\\ReturnOf447Hype\\Lab1\\Ultra96_Basic_System\\Ultra96_Basic_System.sdk\\webtalk
# webtalk_register_client -client project
# webtalk_add_data -client project -key date_generated -value "2019-09-15 17:04:15" -context "software_version_and_target_device"
# webtalk_add_data -client project -key product_version -value "SDK v2018.3" -context "software_version_and_target_device"
# webtalk_add_data -client project -key build_version -value "2018.3" -context "software_version_and_target_device"
# webtalk_add_data -client project -key os_platform -value "amd64" -context "software_version_and_target_device"
# webtalk_add_data -client project -key registration_id -value "" -context "software_version_and_target_device"
# webtalk_add_data -client project -key tool_flow -value "SDK" -context "software_version_and_target_device"
# webtalk_add_data -client project -key beta -value "false" -context "software_version_and_target_device"
# webtalk_add_data -client project -key route_design -value "NA" -context "software_version_and_target_device"
# webtalk_add_data -client project -key target_family -value "NA" -context "software_version_and_target_device"
# webtalk_add_data -client project -key target_device -value "NA" -context "software_version_and_target_device"
# webtalk_add_data -client project -key target_package -value "NA" -context "software_version_and_target_device"
# webtalk_add_data -client project -key target_speed -value "NA" -context "software_version_and_target_device"
# webtalk_add_data -client project -key random_id -value "csffs5ch5tq3e883bnhhgipe45" -context "software_version_and_target_device"
# webtalk_add_data -client project -key project_id -value "2018.3_1" -context "software_version_and_target_device"
# webtalk_add_data -client project -key project_iteration -value "1" -context "software_version_and_target_device"
# webtalk_add_data -client project -key os_name -value "Microsoft Windows 8 or later , 64-bit" -context "user_environment"
# webtalk_add_data -client project -key os_release -value "major release  (build 9200)" -context "user_environment"
# webtalk_add_data -client project -key cpu_name -value "Intel(R) Core(TM) i7-8700 CPU @ 3.20GHz" -context "user_environment"
# webtalk_add_data -client project -key cpu_speed -value "3192 MHz" -context "user_environment"
# webtalk_add_data -client project -key total_processors -value "1" -context "user_environment"
# webtalk_add_data -client project -key system_ram -value "17.052 GB" -context "user_environment"
# webtalk_register_client -client sdk
# webtalk_add_data -client sdk -key uid -value "1568578739262" -context "sdk\\\\hardware/1568578739262"
# webtalk_add_data -client sdk -key isZynq -value "false" -context "sdk\\\\hardware/1568578739262"
# webtalk_add_data -client sdk -key isZynqMP -value "true" -context "sdk\\\\hardware/1568578739262"
# webtalk_add_data -client sdk -key Processors -value "7" -context "sdk\\\\hardware/1568578739262"
# webtalk_add_data -client sdk -key VivadoVersion -value "2018.3" -context "sdk\\\\hardware/1568578739262"
# webtalk_add_data -client sdk -key Arch -value "zynquplus" -context "sdk\\\\hardware/1568578739262"
# webtalk_add_data -client sdk -key Device -value "xczu3eg" -context "sdk\\\\hardware/1568578739262"
# webtalk_add_data -client sdk -key IsHandoff -value "true" -context "sdk\\\\hardware/1568578739262"
# webtalk_add_data -client sdk -key os -value "NA" -context "sdk\\\\hardware/1568578739262"
# webtalk_add_data -client sdk -key apptemplate -value "NA" -context "sdk\\\\hardware/1568578739262"
# webtalk_add_data -client sdk -key RecordType -value "HWCreation" -context "sdk\\\\hardware/1568578739262"
# webtalk_add_data -client sdk -key uid -value "1568578793658" -context "sdk\\\\hardware/1568578793658"
# webtalk_add_data -client sdk -key isZynq -value "false" -context "sdk\\\\hardware/1568578793658"
# webtalk_add_data -client sdk -key isZynqMP -value "true" -context "sdk\\\\hardware/1568578793658"
# webtalk_add_data -client sdk -key Processors -value "7" -context "sdk\\\\hardware/1568578793658"
# webtalk_add_data -client sdk -key VivadoVersion -value "2018.3" -context "sdk\\\\hardware/1568578793658"
# webtalk_add_data -client sdk -key Arch -value "zynquplus" -context "sdk\\\\hardware/1568578793658"
# webtalk_add_data -client sdk -key Device -value "xczu3eg" -context "sdk\\\\hardware/1568578793658"
# webtalk_add_data -client sdk -key IsHandoff -value "true" -context "sdk\\\\hardware/1568578793658"
# webtalk_add_data -client sdk -key os -value "NA" -context "sdk\\\\hardware/1568578793658"
# webtalk_add_data -client sdk -key apptemplate -value "NA" -context "sdk\\\\hardware/1568578793658"
# webtalk_add_data -client sdk -key RecordType -value "HWCreation" -context "sdk\\\\hardware/1568578793658"
# webtalk_add_data -client sdk -key uid -value "1568578873024" -context "sdk\\\\bsp/1568578873024"
# webtalk_add_data -client sdk -key hwid -value "1568578793658" -context "sdk\\\\bsp/1568578873024"
# webtalk_add_data -client sdk -key os -value "standalone" -context "sdk\\\\bsp/1568578873024"
# webtalk_add_data -client sdk -key apptemplate -value "null" -context "sdk\\\\bsp/1568578873024"
# webtalk_add_data -client sdk -key RecordType -value "BSPCreation" -context "sdk\\\\bsp/1568578873024"
# webtalk_add_data -client sdk -key uid -value "1568578950332" -context "sdk\\\\application/1568578950332"
# webtalk_add_data -client sdk -key hwid -value "1568578793658" -context "sdk\\\\application/1568578950332"
# webtalk_add_data -client sdk -key bspid -value "1568578873024" -context "sdk\\\\application/1568578950332"
# webtalk_add_data -client sdk -key newbsp -value "false" -context "sdk\\\\application/1568578950332"
# webtalk_add_data -client sdk -key os -value "standalone" -context "sdk\\\\application/1568578950332"
# webtalk_add_data -client sdk -key apptemplate -value "hello_world" -context "sdk\\\\application/1568578950332"
# webtalk_add_data -client sdk -key RecordType -value "APPCreation" -context "sdk\\\\application/1568578950332"
# webtalk_add_data -client sdk -key LangUsed -value "C" -context "sdk\\\\application/1568578950332"
# webtalk_add_data -client sdk -key Procused -value "psu_cortexa53" -context "sdk\\\\application/1568578950332"
# webtalk_add_data -client sdk -key projSize -value "224.0859375" -context "sdk\\\\application/1568578950332"
# webtalk_add_data -client sdk -key uid -value "1568580470297" -context "sdk\\\\bsp/1568580470297"
# webtalk_add_data -client sdk -key hwid -value "1568578793658" -context "sdk\\\\bsp/1568580470297"
# webtalk_add_data -client sdk -key os -value "standalone" -context "sdk\\\\bsp/1568580470297"
# webtalk_add_data -client sdk -key apptemplate -value "hello_world" -context "sdk\\\\bsp/1568580470297"
# webtalk_add_data -client sdk -key RecordType -value "BSPCreation" -context "sdk\\\\bsp/1568580470297"
# webtalk_add_data -client sdk -key uid -value "1568580472740" -context "sdk\\\\application/1568580472740"
# webtalk_add_data -client sdk -key hwid -value "1568578793658" -context "sdk\\\\application/1568580472740"
# webtalk_add_data -client sdk -key bspid -value "1568580470297" -context "sdk\\\\application/1568580472740"
# webtalk_add_data -client sdk -key newbsp -value "true" -context "sdk\\\\application/1568580472740"
# webtalk_add_data -client sdk -key os -value "standalone" -context "sdk\\\\application/1568580472740"
# webtalk_add_data -client sdk -key apptemplate -value "hello_world" -context "sdk\\\\application/1568580472740"
# webtalk_add_data -client sdk -key RecordType -value "APPCreation" -context "sdk\\\\application/1568580472740"
# webtalk_add_data -client sdk -key LangUsed -value "C" -context "sdk\\\\application/1568580472740"
# webtalk_add_data -client sdk -key Procused -value "psu_cortexa53" -context "sdk\\\\application/1568580472740"
# webtalk_add_data -client sdk -key uid -value "1568580512271" -context "sdk\\\\application/1568580512271"
# webtalk_add_data -client sdk -key hwid -value "1568578793658" -context "sdk\\\\application/1568580512271"
# webtalk_add_data -client sdk -key bspid -value "1568578873024" -context "sdk\\\\application/1568580512271"
# webtalk_add_data -client sdk -key newbsp -value "false" -context "sdk\\\\application/1568580512271"
# webtalk_add_data -client sdk -key os -value "standalone" -context "sdk\\\\application/1568580512271"
# webtalk_add_data -client sdk -key apptemplate -value "memory_tests" -context "sdk\\\\application/1568580512271"
# webtalk_add_data -client sdk -key RecordType -value "APPCreation" -context "sdk\\\\application/1568580512271"
# webtalk_add_data -client sdk -key LangUsed -value "C" -context "sdk\\\\application/1568580512271"
# webtalk_add_data -client sdk -key Procused -value "psu_cortexa53" -context "sdk\\\\application/1568580512271"
# webtalk_add_data -client sdk -key projSize -value "280.359375" -context "sdk\\\\application/1568580512271"
# webtalk_add_data -client sdk -key uid -value "1568580538852" -context "sdk\\\\application/1568580538852"
# webtalk_add_data -client sdk -key hwid -value "1568578793658" -context "sdk\\\\application/1568580538852"
# webtalk_add_data -client sdk -key bspid -value "1568578873024" -context "sdk\\\\application/1568580538852"
# webtalk_add_data -client sdk -key newbsp -value "false" -context "sdk\\\\application/1568580538852"
# webtalk_add_data -client sdk -key os -value "standalone" -context "sdk\\\\application/1568580538852"
# webtalk_add_data -client sdk -key apptemplate -value "peripheral_tests" -context "sdk\\\\application/1568580538852"
# webtalk_add_data -client sdk -key RecordType -value "APPCreation" -context "sdk\\\\application/1568580538852"
# webtalk_add_data -client sdk -key LangUsed -value "C" -context "sdk\\\\application/1568580538852"
# webtalk_add_data -client sdk -key Procused -value "psu_cortexa53" -context "sdk\\\\application/1568580538852"
# webtalk_add_data -client sdk -key projSize -value "907.140625" -context "sdk\\\\application/1568580538852"
# webtalk_add_data -client sdk -key uid -value "1568580557016" -context "sdk\\\\application/1568580557016"
# webtalk_add_data -client sdk -key hwid -value "1568578793658" -context "sdk\\\\application/1568580557016"
# webtalk_add_data -client sdk -key bspid -value "1568578873024" -context "sdk\\\\application/1568580557016"
# webtalk_add_data -client sdk -key newbsp -value "false" -context "sdk\\\\application/1568580557016"
# webtalk_add_data -client sdk -key os -value "standalone" -context "sdk\\\\application/1568580557016"
# webtalk_add_data -client sdk -key apptemplate -value "zynqmp_dram_test" -context "sdk\\\\application/1568580557016"
# webtalk_add_data -client sdk -key RecordType -value "APPCreation" -context "sdk\\\\application/1568580557016"
# webtalk_add_data -client sdk -key LangUsed -value "C" -context "sdk\\\\application/1568580557016"
# webtalk_add_data -client sdk -key Procused -value "psu_cortexa53" -context "sdk\\\\application/1568580557016"
# webtalk_add_data -client sdk -key projSize -value "430.4296875" -context "sdk\\\\application/1568580557016"
# webtalk_add_data -client sdk -key uid -value "NA" -context "sdk\\\\bsp/1568581454883"
# webtalk_add_data -client sdk -key RecordType -value "ToolUsage" -context "sdk\\\\bsp/1568581454883"
# webtalk_add_data -client sdk -key BootgenCount -value "0" -context "sdk\\\\bsp/1568581454883"
# webtalk_add_data -client sdk -key DebugCount -value "6" -context "sdk\\\\bsp/1568581454883"
# webtalk_add_data -client sdk -key PerfCount -value "0" -context "sdk\\\\bsp/1568581454883"
# webtalk_add_data -client sdk -key FlashCount -value "0" -context "sdk\\\\bsp/1568581454883"
# webtalk_add_data -client sdk -key CrossTriggCount -value "0" -context "sdk\\\\bsp/1568581454883"
# webtalk_add_data -client sdk -key QemuDebugCount -value "0" -context "sdk\\\\bsp/1568581454883"
# webtalk_transmit -clientid 1195315151 -regid "" -xml C:\\Users\\Jennifer\\Documents\\CMU_Year_5\\Fall_Semester\\18643\\ReturnOf447Hype\\Lab1\\Ultra96_Basic_System\\Ultra96_Basic_System.sdk\\webtalk\\usage_statistics_ext_sdk.xml -html C:\\Users\\Jennifer\\Documents\\CMU_Year_5\\Fall_Semester\\18643\\ReturnOf447Hype\\Lab1\\Ultra96_Basic_System\\Ultra96_Basic_System.sdk\\webtalk\\usage_statistics_ext_sdk.html -wdm C:\\Users\\Jennifer\\Documents\\CMU_Year_5\\Fall_Semester\\18643\\ReturnOf447Hype\\Lab1\\Ultra96_Basic_System\\Ultra96_Basic_System.sdk\\webtalk\\sdk_webtalk.wdm -intro "<H3>SDK Usage Report</H3><BR>"
# webtalk_terminate
INFO: [Common 17-206] Exiting Webtalk at Sun Sep 15 17:04:24 2019...
