INFO: [SIM 2] *************** CSIM start ***************
INFO: [SIM 4] CSIM will launch GCC as the compiler.
make: 'csim.exe' is up to date.

Round 0 key: 
|00|00|00|00|
|00|00|00|00|
|00|00|00|00|
|00|00|00|00|

Round 1 key: 
|62|63|63|63|
|62|63|63|63|
|62|63|63|63|
|62|63|63|63|

Round 2 key: 
|9b|98|98|c9|
|f9|fb|fb|aa|
|9b|98|98|c9|
|f9|fb|fb|aa|

Round 3 key: 
|90|97|34|50|
|69|6c|cf|fa|
|f2|f4|57|33|
|0b|0f|ac|99|

Round 4 key: 
|ee|06|da|7b|
|87|6a|15|81|
|75|9e|42|b2|
|7e|91|ee|2b|

Round 5 key: 
|7f|2e|2b|88|
|f8|44|3e|09|
|8d|da|7c|bb|
|f3|4b|92|90|

Round 6 key: 
|ec|61|4b|85|
|14|25|75|8c|
|99|ff|09|37|
|6a|b4|9b|a7|

Round 7 key: 
|21|75|17|87|
|35|50|62|0b|
|ac|af|6b|3c|
|c6|1b|f0|9b|

Round 8 key: 
|0e|f9|03|33|
|3b|a9|61|38|
|97|06|0a|04|
|51|1d|fa|9f|

Round 9 key: 
|b1|d4|d8|e2|
|8a|7d|b9|da|
|1d|7b|b3|de|
|4c|66|49|41|

Round 10 key: 
|b4|ef|5b|cb|
|3e|92|e2|11|
|23|e9|51|cf|
|6f|8f|18|8e|

SubBytes: 
|00|00|00|00|
|00|00|00|00|
|00|00|00|00|
|00|00|00|00|

|63|63|63|63|
|63|63|63|63|
|63|63|63|63|
|63|63|63|63|

ShiftRows: 
|63|63|63|63|
|63|63|63|63|
|63|63|63|63|
|63|63|63|63|

|63|63|63|63|
|63|63|63|63|
|63|63|63|63|
|63|63|63|63|

MixCol: 
|63|63|63|63|
|63|63|63|63|
|63|63|63|63|
|63|63|63|63|

|63|63|63|63|
|63|63|63|63|
|63|63|63|63|
|63|63|63|63|

SubBytes: 
|01|01|01|01|
|00|00|00|00|
|00|00|00|00|
|00|00|00|00|

|7c|7c|7c|7c|
|63|63|63|63|
|63|63|63|63|
|63|63|63|63|

ShiftRows: 
|7c|7c|7c|7c|
|63|63|63|63|
|63|63|63|63|
|63|63|63|63|

|7c|7c|7c|7c|
|63|63|63|63|
|63|63|63|63|
|63|63|63|63|

MixCol: 
|7c|7c|7c|7c|
|63|63|63|63|
|63|63|63|63|
|63|63|63|63|

|5d|5d|5d|5d|
|7c|7c|7c|7c|
|7c|7c|7c|7c|
|42|42|42|42|

SubBytes: 
|c6|a4|c6|a4|
|e4|87|e4|87|
|e4|87|e4|87|
|8b|e8|8b|e8|

|b4|49|b4|49|
|69|17|69|17|
|69|17|69|17|
|3d|9b|3d|9b|

ShiftRows: 
|b4|49|b4|49|
|69|17|69|17|
|69|17|69|17|
|3d|9b|3d|9b|

|b4|49|b4|49|
|17|69|17|69|
|69|17|69|17|
|9b|3d|9b|3d|

MixCol: 
|b4|49|b4|49|
|17|69|17|69|
|69|17|69|17|
|9b|3d|9b|3d|

|b8|03|b8|03|
|ba|9f|ba|9f|
|c7|49|c7|49|
|94|df|94|df|

SubBytes: 
|28|6a|4a|08|
|2d|f3|4e|90|
|f3|86|90|e5|
|c4|25|a7|46|

|34|02|d6|30|
|d8|0d|2f|60|
|0d|44|60|d9|
|1c|3f|5c|5a|

ShiftRows: 
|34|02|d6|30|
|d8|0d|2f|60|
|0d|44|60|d9|
|1c|3f|5c|5a|

|34|02|d6|30|
|0d|2f|60|d8|
|60|d9|0d|44|
|5a|1c|3f|5c|

MixCol: 
|34|02|d6|30|
|0d|2f|60|d8|
|60|d9|0d|44|
|5a|1c|3f|5c|

|45|b0|25|0b|
|d4|30|3e|0b|
|17|a0|ed|84|
|85|c8|72|74|

SubBytes: 
|ab|37|50|75|
|d2|5a|a0|9a|
|cd|b5|af|6a|
|fe|49|c0|5f|

|62|9a|53|9d|
|b5|be|e0|b8|
|bd|d5|79|02|
|bb|3b|ba|cf|

ShiftRows: 
|62|9a|53|9d|
|b5|be|e0|b8|
|bd|d5|79|02|
|bb|3b|ba|cf|

|62|9a|53|9d|
|be|e0|b8|b5|
|79|02|bd|d5|
|cf|bb|3b|ba|

MixCol: 
|62|9a|53|9d|
|be|e0|b8|b5|
|79|02|bd|d5|
|cf|bb|3b|ba|

|ab|ad|f3|8a|
|41|fc|df|32|
|64|a8|c7|4c|
|e4|3a|86|b3|

SubBytes: 
|d4|55|7e|79|
|6f|b8|05|79|
|4f|96|bb|de|
|6c|33|3d|23|

|48|fc|f3|b6|
|a8|6c|6b|b6|
|84|90|ea|1d|
|50|c3|27|26|

ShiftRows: 
|48|fc|f3|b6|
|a8|6c|6b|b6|
|84|90|ea|1d|
|50|c3|27|26|

|48|fc|f3|b6|
|6c|6b|b6|a8|
|ea|1d|84|90|
|26|50|c3|27|

MixCol: 
|48|fc|f3|b6|
|6c|6b|b6|a8|
|ea|1d|84|90|
|26|50|c3|27|

|e8|13|7b|23|
|93|5d|d0|71|
|81|5d|08|4c|
|12|c9|a1|b7|

SubBytes: 
|04|07|e2|49|
|f2|78|2f|c5|
|ca|28|01|d7|
|97|45|96|10|

|f2|c5|98|3b|
|89|bc|15|a6|
|74|34|7c|0e|
|88|6e|90|ca|

ShiftRows: 
|f2|c5|98|3b|
|89|bc|15|a6|
|74|34|7c|0e|
|88|6e|90|ca|

|f2|c5|98|3b|
|bc|15|a6|89|
|7c|0e|74|34|
|ca|88|6e|90|

MixCol: 
|f2|c5|98|3b|
|bc|15|a6|89|
|7c|0e|74|34|
|ca|88|6e|90|

|96|28|c0|52|
|df|75|3d|fe|
|f3|4f|64|71|
|42|44|bd|cb|

SubBytes: 
|b7|1d|6c|94|
|aa|25|92|e5|
|e4|2d|0f|81|
|c5|4f|81|50|

|a9|a4|50|22|
|ac|3f|4f|d9|
|69|d8|76|0c|
|a6|84|0c|53|

ShiftRows: 
|a9|a4|50|22|
|ac|3f|4f|d9|
|69|d8|76|0c|
|a6|84|0c|53|

|a9|a4|50|22|
|3f|4f|d9|ac|
|76|0c|69|d8|
|53|a6|84|0c|

MixCol: 
|a9|a4|50|22|
|3f|4f|d9|ac|
|76|0c|69|d8|
|53|a6|84|0c|

|2d|28|3d|7f|
|1e|88|c6|1e|
|8f|02|cc|31|
|0f|e3|53|0a|

SubBytes: 
|23|13|aa|2e|
|e7|21|c0|03|
|8c|63|c6|cb|
|3c|db|57|95|

|26|7d|ac|31|
|94|fd|ba|7b|
|64|fb|b4|1f|
|eb|b9|5b|2a|

ShiftRows: 
|26|7d|ac|31|
|94|fd|ba|7b|
|64|fb|b4|1f|
|eb|b9|5b|2a|

|26|7d|ac|31|
|fd|ba|7b|94|
|b4|1f|64|fb|
|2a|eb|b9|5b|

MixCol: 
|26|7d|ac|31|
|fd|ba|7b|94|
|b4|1f|64|fb|
|2a|eb|b9|5b|

|ce|db|13|65|
|2a|d8|4f|4f|
|d6|df|cf|a5|
|77|ef|99|8a|

SubBytes: 
|7f|51|0e|29|
|fe|a5|34|29|
|0e|66|7c|ec|
|95|35|47|cb|

|d2|d1|ab|a5|
|bb|06|18|a5|
|ab|33|10|ce|
|2a|96|a0|1f|

ShiftRows: 
|d2|d1|ab|a5|
|bb|06|18|a5|
|ab|33|10|ce|
|2a|96|a0|1f|

|d2|d1|ab|a5|
|06|18|a5|bb|
|10|ce|ab|33|
|1f|2a|96|a0|

|66|ef|88|ca|
|e9|8a|4c|34|
|4b|2c|fa|2b|
|d4|3b|59|2e|

66e94bd4ef8a2c3b884cfa59ca342b2e
Decrypting: 


Round 0 key: 
|00|00|00|00|
|00|00|00|00|
|00|00|00|00|
|00|00|00|00|

Round 1 key: 
|62|63|63|63|
|62|63|63|63|
|62|63|63|63|
|62|63|63|63|

Round 2 key: 
|9b|98|98|c9|
|f9|fb|fb|aa|
|9b|98|98|c9|
|f9|fb|fb|aa|

Round 3 key: 
|90|97|34|50|
|69|6c|cf|fa|
|f2|f4|57|33|
|0b|0f|ac|99|

Round 4 key: 
|ee|06|da|7b|
|87|6a|15|81|
|75|9e|42|b2|
|7e|91|ee|2b|

Round 5 key: 
|7f|2e|2b|88|
|f8|44|3e|09|
|8d|da|7c|bb|
|f3|4b|92|90|

Round 6 key: 
|ec|61|4b|85|
|14|25|75|8c|
|99|ff|09|37|
|6a|b4|9b|a7|

Round 7 key: 
|21|75|17|87|
|35|50|62|0b|
|ac|af|6b|3c|
|c6|1b|f0|9b|

Round 8 key: 
|0e|f9|03|33|
|3b|a9|61|38|
|97|06|0a|04|
|51|1d|fa|9f|

Round 9 key: 
|b1|d4|d8|e2|
|8a|7d|b9|da|
|1d|7b|b3|de|
|4c|66|49|41|

Round 10 key: 
|b4|ef|5b|cb|
|3e|92|e2|11|
|23|e9|51|cf|
|6f|8f|18|8e|

|66|ef|88|ca|
|e9|8a|4c|34|
|4b|2c|fa|2b|
|d4|3b|59|2e|

|d2|d1|ab|a5|
|06|18|a5|bb|
|10|ce|ab|33|
|1f|2a|96|a0|

ShiftRows: 
|d2|d1|ab|a5|
|06|18|a5|bb|
|10|ce|ab|33|
|1f|2a|96|a0|

|d2|d1|ab|a5|
|bb|06|18|a5|
|ab|33|10|ce|
|2a|96|a0|1f|

SubBytes: 
|d2|d1|ab|a5|
|bb|06|18|a5|
|ab|33|10|ce|
|2a|96|a0|1f|

|7f|51|0e|29|
|fe|a5|34|29|
|0e|66|7c|ec|
|95|35|47|cb|

MixCol: 
|ce|db|13|65|
|2a|d8|4f|4f|
|d6|df|cf|a5|
|77|ef|99|8a|

|26|7d|ac|31|
|fd|ba|7b|94|
|b4|1f|64|fb|
|2a|eb|b9|5b|

ShiftRows: 
|26|7d|ac|31|
|fd|ba|7b|94|
|b4|1f|64|fb|
|2a|eb|b9|5b|

|26|7d|ac|31|
|94|fd|ba|7b|
|64|fb|b4|1f|
|eb|b9|5b|2a|

SubBytes: 
|26|7d|ac|31|
|94|fd|ba|7b|
|64|fb|b4|1f|
|eb|b9|5b|2a|

|23|13|aa|2e|
|e7|21|c0|03|
|8c|63|c6|cb|
|3c|db|57|95|

MixCol: 
|2d|28|3d|7f|
|1e|88|c6|1e|
|8f|02|cc|31|
|0f|e3|53|0a|

|a9|a4|50|22|
|3f|4f|d9|ac|
|76|0c|69|d8|
|53|a6|84|0c|

ShiftRows: 
|a9|a4|50|22|
|3f|4f|d9|ac|
|76|0c|69|d8|
|53|a6|84|0c|

|a9|a4|50|22|
|ac|3f|4f|d9|
|69|d8|76|0c|
|a6|84|0c|53|

SubBytes: 
|a9|a4|50|22|
|ac|3f|4f|d9|
|69|d8|76|0c|
|a6|84|0c|53|

|b7|1d|6c|94|
|aa|25|92|e5|
|e4|2d|0f|81|
|c5|4f|81|50|

MixCol: 
|96|28|c0|52|
|df|75|3d|fe|
|f3|4f|64|71|
|42|44|bd|cb|

|f2|c5|98|3b|
|bc|15|a6|89|
|7c|0e|74|34|
|ca|88|6e|90|

ShiftRows: 
|f2|c5|98|3b|
|bc|15|a6|89|
|7c|0e|74|34|
|ca|88|6e|90|

|f2|c5|98|3b|
|89|bc|15|a6|
|74|34|7c|0e|
|88|6e|90|ca|

SubBytes: 
|f2|c5|98|3b|
|89|bc|15|a6|
|74|34|7c|0e|
|88|6e|90|ca|

|04|07|e2|49|
|f2|78|2f|c5|
|ca|28|01|d7|
|97|45|96|10|

MixCol: 
|e8|13|7b|23|
|93|5d|d0|71|
|81|5d|08|4c|
|12|c9|a1|b7|

|48|fc|f3|b6|
|6c|6b|b6|a8|
|ea|1d|84|90|
|26|50|c3|27|

ShiftRows: 
|48|fc|f3|b6|
|6c|6b|b6|a8|
|ea|1d|84|90|
|26|50|c3|27|

|48|fc|f3|b6|
|a8|6c|6b|b6|
|84|90|ea|1d|
|50|c3|27|26|

SubBytes: 
|48|fc|f3|b6|
|a8|6c|6b|b6|
|84|90|ea|1d|
|50|c3|27|26|

|d4|55|7e|79|
|6f|b8|05|79|
|4f|96|bb|de|
|6c|33|3d|23|

MixCol: 
|ab|ad|f3|8a|
|41|fc|df|32|
|64|a8|c7|4c|
|e4|3a|86|b3|

|62|9a|53|9d|
|be|e0|b8|b5|
|79|02|bd|d5|
|cf|bb|3b|ba|

ShiftRows: 
|62|9a|53|9d|
|be|e0|b8|b5|
|79|02|bd|d5|
|cf|bb|3b|ba|

|62|9a|53|9d|
|b5|be|e0|b8|
|bd|d5|79|02|
|bb|3b|ba|cf|

SubBytes: 
|62|9a|53|9d|
|b5|be|e0|b8|
|bd|d5|79|02|
|bb|3b|ba|cf|

|ab|37|50|75|
|d2|5a|a0|9a|
|cd|b5|af|6a|
|fe|49|c0|5f|

MixCol: 
|45|b0|25|0b|
|d4|30|3e|0b|
|17|a0|ed|84|
|85|c8|72|74|

|34|02|d6|30|
|0d|2f|60|d8|
|60|d9|0d|44|
|5a|1c|3f|5c|

ShiftRows: 
|34|02|d6|30|
|0d|2f|60|d8|
|60|d9|0d|44|
|5a|1c|3f|5c|

|34|02|d6|30|
|d8|0d|2f|60|
|0d|44|60|d9|
|1c|3f|5c|5a|

SubBytes: 
|34|02|d6|30|
|d8|0d|2f|60|
|0d|44|60|d9|
|1c|3f|5c|5a|

|28|6a|4a|08|
|2d|f3|4e|90|
|f3|86|90|e5|
|c4|25|a7|46|

MixCol: 
|b8|03|b8|03|
|ba|9f|ba|9f|
|c7|49|c7|49|
|94|df|94|df|

|b4|49|b4|49|
|17|69|17|69|
|69|17|69|17|
|9b|3d|9b|3d|

ShiftRows: 
|b4|49|b4|49|
|17|69|17|69|
|69|17|69|17|
|9b|3d|9b|3d|

|b4|49|b4|49|
|69|17|69|17|
|69|17|69|17|
|3d|9b|3d|9b|

SubBytes: 
|b4|49|b4|49|
|69|17|69|17|
|69|17|69|17|
|3d|9b|3d|9b|

|c6|a4|c6|a4|
|e4|87|e4|87|
|e4|87|e4|87|
|8b|e8|8b|e8|

MixCol: 
|5d|5d|5d|5d|
|7c|7c|7c|7c|
|7c|7c|7c|7c|
|42|42|42|42|

|7c|7c|7c|7c|
|63|63|63|63|
|63|63|63|63|
|63|63|63|63|

ShiftRows: 
|7c|7c|7c|7c|
|63|63|63|63|
|63|63|63|63|
|63|63|63|63|

|7c|7c|7c|7c|
|63|63|63|63|
|63|63|63|63|
|63|63|63|63|

SubBytes: 
|7c|7c|7c|7c|
|63|63|63|63|
|63|63|63|63|
|63|63|63|63|

|01|01|01|01|
|00|00|00|00|
|00|00|00|00|
|00|00|00|00|

MixCol: 
|63|63|63|63|
|63|63|63|63|
|63|63|63|63|
|63|63|63|63|

|63|63|63|63|
|63|63|63|63|
|63|63|63|63|
|63|63|63|63|

SubBytes: 
|63|63|63|63|
|63|63|63|63|
|63|63|63|63|
|63|63|63|63|

|00|00|00|00|
|00|00|00|00|
|00|00|00|00|
|00|00|00|00|

ShiftRows: 
|00|00|00|00|
|00|00|00|00|
|00|00|00|00|
|00|00|00|00|

|00|00|00|00|
|00|00|00|00|
|00|00|00|00|
|00|00|00|00|

0000000000000000
INFO: [SIM 1] CSim done with 0 errors.
INFO: [SIM 3] *************** CSIM finish ***************
